<?xml version="1.0" encoding="UTF-8"?>
<testsuite xmlns:xsi="http://www.w3.org/2001/XMLSchema-instance" xsi:noNamespaceSchemaLocation="https://maven.apache.org/surefire/maven-surefire-plugin/xsd/surefire-test-report.xsd" name="pos_java_jdbc.pos_java_jdbc.TesteBancoJsbc" time="0.454" tests="4" errors="0" skipped="0" failures="0">
  <properties>
    <property name="java.specification.version" value="17"/>
    <property name="sun.cpu.isalist" value="amd64"/>
    <property name="sun.jnu.encoding" value="Cp1252"/>
    <property name="java.class.path" value="C:\emprel\workspaces\workspace-fullstack\pos-java-jdbc\target\test-classes;C:\emprel\workspaces\workspace-fullstack\pos-java-jdbc\target\classes;C:\Users\rickm\.m2\repository\junit\junit\4.11\junit-4.11.jar;C:\Users\rickm\.m2\repository\org\hamcrest\hamcrest-core\1.3\hamcrest-core-1.3.jar;C:\Users\rickm\.m2\repository\org\postgresql\postgresql\9.4-1200-jdbc41\postgresql-9.4-1200-jdbc41.jar;C:\Users\rickm\.m2\repository\com\github\dblock\waffle\waffle-jna\1.7\waffle-jna-1.7.jar;C:\Users\rickm\.m2\repository\net\java\dev\jna\jna\4.1.0\jna-4.1.0.jar;C:\Users\rickm\.m2\repository\net\java\dev\jna\jna-platform\4.1.0\jna-platform-4.1.0.jar;C:\Users\rickm\.m2\repository\org\slf4j\slf4j-api\1.7.7\slf4j-api-1.7.7.jar;C:\Users\rickm\.m2\repository\com\google\guava\guava\18.0\guava-18.0.jar;C:\Users\rickm\.m2\repository\org\slf4j\slf4j-simple\1.7.7\slf4j-simple-1.7.7.jar;"/>
    <property name="java.vm.vendor" value="Eclipse Adoptium"/>
    <property name="sun.arch.data.model" value="64"/>
    <property name="user.variant" value=""/>
    <property name="java.vendor.url" value="https://adoptium.net/"/>
    <property name="user.timezone" value="America/Sao_Paulo"/>
    <property name="os.name" value="Windows 10"/>
    <property name="java.vm.specification.version" value="17"/>
    <property name="sun.java.launcher" value="SUN_STANDARD"/>
    <property name="user.country" value="BR"/>
    <property name="sun.boot.library.path" value="C:\eclipse\plugins\org.eclipse.justj.openjdk.hotspot.jre.full.win32.x86_64_17.0.3.v20220515-1416\jre\bin"/>
    <property name="sun.java.command" value="C:\Users\rickm\AppData\Local\Temp\surefire18302552525000357843\surefirebooter9230067850510897221.jar C:\Users\rickm\AppData\Local\Temp\surefire18302552525000357843 2022-09-15T22-25-59_068-jvmRun1 surefire6800035655498460716tmp surefire_09731309147659897667tmp"/>
    <property name="jdk.debug" value="release"/>
    <property name="surefire.test.class.path" value="C:\emprel\workspaces\workspace-fullstack\pos-java-jdbc\target\test-classes;C:\emprel\workspaces\workspace-fullstack\pos-java-jdbc\target\classes;C:\Users\rickm\.m2\repository\junit\junit\4.11\junit-4.11.jar;C:\Users\rickm\.m2\repository\org\hamcrest\hamcrest-core\1.3\hamcrest-core-1.3.jar;C:\Users\rickm\.m2\repository\org\postgresql\postgresql\9.4-1200-jdbc41\postgresql-9.4-1200-jdbc41.jar;C:\Users\rickm\.m2\repository\com\github\dblock\waffle\waffle-jna\1.7\waffle-jna-1.7.jar;C:\Users\rickm\.m2\repository\net\java\dev\jna\jna\4.1.0\jna-4.1.0.jar;C:\Users\rickm\.m2\repository\net\java\dev\jna\jna-platform\4.1.0\jna-platform-4.1.0.jar;C:\Users\rickm\.m2\repository\org\slf4j\slf4j-api\1.7.7\slf4j-api-1.7.7.jar;C:\Users\rickm\.m2\repository\com\google\guava\guava\18.0\guava-18.0.jar;C:\Users\rickm\.m2\repository\org\slf4j\slf4j-simple\1.7.7\slf4j-simple-1.7.7.jar;"/>
    <property name="sun.cpu.endian" value="little"/>
    <property name="user.home" value="C:\Users\rickm"/>
    <property name="user.language" value="pt"/>
    <property name="java.specification.vendor" value="Oracle Corporation"/>
    <property name="java.version.date" value="2022-04-19"/>
    <property name="java.home" value="C:\eclipse\plugins\org.eclipse.justj.openjdk.hotspot.jre.full.win32.x86_64_17.0.3.v20220515-1416\jre"/>
    <property name="file.separator" value="\"/>
    <property name="basedir" value="C:\emprel\workspaces\workspace-fullstack\pos-java-jdbc"/>
    <property name="java.vm.compressedOopsMode" value="Zero based"/>
    <property name="line.separator" value="&#10;"/>
    <property name="java.vm.specification.vendor" value="Oracle Corporation"/>
    <property name="java.specification.name" value="Java Platform API Specification"/>
    <property name="surefire.real.class.path" value="C:\Users\rickm\AppData\Local\Temp\surefire18302552525000357843\surefirebooter9230067850510897221.jar"/>
    <property name="user.script" value=""/>
    <property name="sun.management.compiler" value="HotSpot 64-Bit Tiered Compilers"/>
    <property name="java.runtime.version" value="17.0.3+7"/>
    <property name="user.name" value="rickm"/>
    <property name="path.separator" value=";"/>
    <property name="os.version" value="10.0"/>
    <property name="java.runtime.name" value="OpenJDK Runtime Environment"/>
    <property name="file.encoding" value="Cp1252"/>
    <property name="java.vm.name" value="OpenJDK 64-Bit Server VM"/>
    <property name="java.vendor.version" value="Temurin-17.0.3+7"/>
    <property name="localRepository" value="C:\Users\rickm\.m2\repository"/>
    <property name="java.vendor.url.bug" value="https://github.com/adoptium/adoptium-support/issues"/>
    <property name="java.io.tmpdir" value="C:\Users\rickm\AppData\Local\Temp\"/>
    <property name="java.version" value="17.0.3"/>
    <property name="user.dir" value="C:\emprel\workspaces\workspace-fullstack\pos-java-jdbc"/>
    <property name="os.arch" value="amd64"/>
    <property name="java.vm.specification.name" value="Java Virtual Machine Specification"/>
    <property name="sun.os.patch.level" value=""/>
    <property name="native.encoding" value="Cp1252"/>
    <property name="java.library.path" value="C:\eclipse\plugins\org.eclipse.justj.openjdk.hotspot.jre.full.win32.x86_64_17.0.3.v20220515-1416\jre\bin;C:\Windows\Sun\Java\bin;C:\Windows\system32;C:\Windows;C:/eclipse//plugins/org.eclipse.justj.openjdk.hotspot.jre.full.win32.x86_64_17.0.3.v20220515-1416/jre/bin/server;C:/eclipse//plugins/org.eclipse.justj.openjdk.hotspot.jre.full.win32.x86_64_17.0.3.v20220515-1416/jre/bin;C:\Program Files\Common Files\Oracle\Java\javapath;C:\Program Files (x86)\Common Files\Oracle\Java\javapath;C:\Windows\system32;C:\Windows;C:\Windows\System32\Wbem;C:\Windows\System32\WindowsPowerShell\v1.0\;C:\Windows\System32\OpenSSH\;C:\Program Files\Java\jdk-18.0.1\bin;C:\ProgramData\chocolatey\bin;C:\Users\rickm\apache-maven-3.8.5\bin;C:\Users\rickm\apache-maven-3.8.5\bin;C:\Program Files\nodejs\;%GitPath%\;C:\Program Files\Git\cmd;C:\Program Files\Docker\Docker\resources\bin;C:\ProgramData\DockerDesktop\version-bin;C:\Python310\Scripts;C:\Users\rickm\AppData\Local\Programs\Python\Python310\Scripts\;C:\Users\rickm\AppData\Local\Programs\Python\Python310\;C:\Users\rickm\AppData\Local\Microsoft\WindowsApps;;C:\Program Files\JetBrains\PyCharm Community Edition 2021.3.1\bin;;C:\Users\rickm\AppData\Roaming\npm;C:\Users\rickm\AppData\Local\Programs\Microsoft VS Code\bin;C:\Program Files\heroku\bin;C:\eclipse;;."/>
    <property name="java.vm.info" value="mixed mode"/>
    <property name="java.vendor" value="Eclipse Adoptium"/>
    <property name="java.vm.version" value="17.0.3+7"/>
    <property name="sun.io.unicode.encoding" value="UnicodeLittle"/>
    <property name="java.class.version" value="61.0"/>
  </properties>
  <testcase name="initatualizar" classname="pos_java_jdbc.pos_java_jdbc.TesteBancoJsbc" time="0.419"/>
  <testcase name="initListar" classname="pos_java_jdbc.pos_java_jdbc.TesteBancoJsbc" time="0.033"/>
  <testcase name="initSalvar" classname="pos_java_jdbc.pos_java_jdbc.TesteBancoJsbc" time="0"/>
  <testcase name="initbuscar" classname="pos_java_jdbc.pos_java_jdbc.TesteBancoJsbc" time="0"/>
</testsuite>